2025-01-13 13:18:51 - Starting C:\Program Files\nodejs\node.exe  --harmony C:\Users\Administrator\AppData\Roaming\npm\node_modules\node-windows\lib\wrapper.js --file D:\Ujjawal\location\backend\parle.js --scriptoptions= --log "Parle Location Service wrapper" --grow 0.25 --wait 1 --maxrestarts 3 --abortonerror n --stopparentfirst undefined
2025-01-13 13:18:51 - Started 16532
2025-01-13 18:30:59 - Stopping parlelocationservice.exe
2025-01-13 18:30:59 - ProcessKill 16532
2025-01-13 18:30:59 - Shutdown exception
Message:A system shutdown is in progress.

Stacktrace:   at System.Runtime.InteropServices.Marshal.ThrowExceptionForHRInternal(Int32 errorCode, IntPtr errorInfo)
   at System.Management.ManagementScope.InitializeGuts(Object o)
   at System.Management.ManagementScope.Initialize()
   at System.Management.ManagementObjectSearcher.Initialize()
   at System.Management.ManagementObjectSearcher.Get()
   at winsw.WrapperService.GetChildPids(Int32 pid)
   at winsw.WrapperService.StopProcessAndChildren(Int32 pid)
   at winsw.WrapperService.StopIt()
   at winsw.WrapperService.OnShutdown()
2025-01-14 13:56:08 - Starting C:\Program Files\nodejs\node.exe  --harmony C:\Users\Administrator\AppData\Roaming\npm\node_modules\node-windows\lib\wrapper.js --file D:\Ujjawal\location\backend\parle.js --scriptoptions= --log "Parle Location Service wrapper" --grow 0.25 --wait 1 --maxrestarts 3 --abortonerror n --stopparentfirst undefined
2025-01-14 13:56:08 - Started 12552
2025-01-14 13:56:52 - Starting C:\Program Files\nodejs\node.exe  --harmony C:\Users\Administrator\AppData\Roaming\npm\node_modules\node-windows\lib\wrapper.js --file D:\Ujjawal\location\backend\parle.js --scriptoptions= --log "Parle Location Service wrapper" --grow 0.25 --wait 1 --maxrestarts 3 --abortonerror n --stopparentfirst undefined
2025-01-14 13:56:52 - Started 12156
2025-01-15 00:31:52 - Starting C:\Program Files\nodejs\node.exe  --harmony C:\Users\Administrator\AppData\Roaming\npm\node_modules\node-windows\lib\wrapper.js --file D:\Ujjawal\location\backend\parle.js --scriptoptions= --log "Parle Location Service wrapper" --grow 0.25 --wait 1 --maxrestarts 3 --abortonerror n --stopparentfirst undefined
2025-01-15 00:31:53 - Started 12552
2025-01-15 10:22:53 - Starting C:\Program Files\nodejs\node.exe  --harmony C:\Users\Administrator\AppData\Roaming\npm\node_modules\node-windows\lib\wrapper.js --file D:\Ujjawal\location\backend\parle.js --scriptoptions= --log "Parle Location Service wrapper" --grow 0.25 --wait 1 --maxrestarts 3 --abortonerror n --stopparentfirst undefined
2025-01-15 10:22:53 - Started 4516
2025-01-15 19:02:40 - Stopping parlelocationservice.exe
2025-01-15 19:02:40 - ProcessKill 4516
2025-01-15 19:02:41 - Shutdown exception
Message:A system shutdown is in progress.

Stacktrace:   at System.Runtime.InteropServices.Marshal.ThrowExceptionForHRInternal(Int32 errorCode, IntPtr errorInfo)
   at System.Management.ManagementScope.InitializeGuts(Object o)
   at System.Management.ManagementScope.Initialize()
   at System.Management.ManagementObjectSearcher.Initialize()
   at System.Management.ManagementObjectSearcher.Get()
   at winsw.WrapperService.GetChildPids(Int32 pid)
   at winsw.WrapperService.StopProcessAndChildren(Int32 pid)
   at winsw.WrapperService.StopIt()
   at winsw.WrapperService.OnShutdown()
2025-01-16 10:22:09 - Starting C:\Program Files\nodejs\node.exe  --harmony C:\Users\Administrator\AppData\Roaming\npm\node_modules\node-windows\lib\wrapper.js --file D:\Ujjawal\location\backend\parle.js --scriptoptions= --log "Parle Location Service wrapper" --grow 0.25 --wait 1 --maxrestarts 3 --abortonerror n --stopparentfirst undefined
2025-01-16 10:22:09 - Started 12456
