(node:14564) [DEP0123] DeprecationWarning: Setting the TLS ServerName to an IP address is not permitted by RFC 6066. This will be ignored in a future version.
(Use `node --trace-deprecation ...` to show where the warning was created)
Error processing batch: TypeError: Cannot read properties of undefined (reading 'length')
    at processBatch (D:\Ujjawal\location\backend\parle.js:64:17)
    at process.processTicksAndRejections (node:internal/process/task_queues:95:5)
    at async startProcessing (D:\Ujjawal\location\backend\parle.js:146:25)
D:\Ujjawal\location\node_modules\mssql\lib\tedious\connection-pool.js:85
          err = new ConnectionError(err)
                ^

ConnectionError: Failed to connect to 192.168.1.152:1433 - Could not connect (sequence)
    at D:\Ujjawal\location\node_modules\mssql\lib\tedious\connection-pool.js:85:17
    at Connection.onConnect (D:\Ujjawal\location\node_modules\tedious\lib\connection.js:849:9)
    at Object.onceWrapper (node:events:633:26)
    at Connection.emit (node:events:518:28)
    at Connection.emit (D:\Ujjawal\location\node_modules\tedious\lib\connection.js:970:18)
    at Connection.socketError (D:\Ujjawal\location\node_modules\tedious\lib\connection.js:1353:12)
    at D:\Ujjawal\location\node_modules\tedious\lib\connection.js:1146:14
    at process.processTicksAndRejections (node:internal/process/task_queues:77:11) {
  code: 'ESOCKET',
  originalError: ConnectionError: Failed to connect to 192.168.1.152:1433 - Could not connect (sequence)
      at Connection.socketError (D:\Ujjawal\location\node_modules\tedious\lib\connection.js:1353:28)
      at D:\Ujjawal\location\node_modules\tedious\lib\connection.js:1146:14
      at process.processTicksAndRejections (node:internal/process/task_queues:77:11) {
    code: 'ESOCKET',
    [cause]: AggregateError: Could not connect (sequence)
        at connectInSequence (D:\Ujjawal\location\node_modules\tedious\lib\connector.js:114:9)
        at process.processTicksAndRejections (node:internal/process/task_queues:95:5)
        at async D:\Ujjawal\location\node_modules\tedious\lib\connection.js:1129:20 {
      [errors]: [
        Error: connect EHOSTUNREACH 192.168.1.152:1433
            at TCPConnectWrap.afterConnect [as oncomplete] (node:net:1605:16) {
          errno: -4073,
          code: 'EHOSTUNREACH',
          syscall: 'connect',
          address: '192.168.1.152',
          port: 1433
        }
      ]
    }
  }
}

Node.js v20.12.2
node:internal/child_process:421
    throw new ErrnoException(err, 'spawn');
    ^

Error: spawn EROFS
    at ChildProcess.spawn (node:internal/child_process:421:11)
    at spawn (node:child_process:761:9)
    at Object.execFile (node:child_process:351:17)
    at exec (node:child_process:234:25)
    at write (C:\Users\Administrator\AppData\Roaming\npm\node_modules\node-windows\lib\eventlog.js:67:3)
    at logger.value [as warn] (C:\Users\Administrator\AppData\Roaming\npm\node_modules\node-windows\lib\eventlog.js:185:9)
    at launch (C:\Users\Administrator\AppData\Roaming\npm\node_modules\node-windows\lib\wrapper.js:147:18)
    at process.<anonymous> (C:\Users\Administrator\AppData\Roaming\npm\node_modules\node-windows\lib\wrapper.js:205:3)
    at process.emit (node:events:518:28)
    at process._fatalException (node:internal/process/execution:178:25) {
  errno: -4043,
  code: 'EROFS',
  syscall: 'spawn'
}

Node.js v20.12.2
D:\Ujjawal\location\node_modules\mssql\lib\tedious\connection-pool.js:85
          err = new ConnectionError(err)
                ^

ConnectionError: Failed to connect to 192.168.1.152:1433 in 15000ms
    at D:\Ujjawal\location\node_modules\mssql\lib\tedious\connection-pool.js:85:17
    at Connection.onConnect (D:\Ujjawal\location\node_modules\tedious\lib\connection.js:849:9)
    at Object.onceWrapper (node:events:633:26)
    at Connection.emit (node:events:518:28)
    at Connection.emit (D:\Ujjawal\location\node_modules\tedious\lib\connection.js:970:18)
    at Connection.connectTimeout (D:\Ujjawal\location\node_modules\tedious\lib\connection.js:1222:10)
    at Timeout._onTimeout (D:\Ujjawal\location\node_modules\tedious\lib\connection.js:1167:12)
    at listOnTimeout (node:internal/timers:573:17)
    at process.processTimers (node:internal/timers:514:7) {
  code: 'ETIMEOUT',
  originalError: ConnectionError: Failed to connect to 192.168.1.152:1433 in 15000ms
      at Connection.connectTimeout (D:\Ujjawal\location\node_modules\tedious\lib\connection.js:1222:26)
      at Timeout._onTimeout (D:\Ujjawal\location\node_modules\tedious\lib\connection.js:1167:12)
      at listOnTimeout (node:internal/timers:573:17)
      at process.processTimers (node:internal/timers:514:7) {
    code: 'ETIMEOUT'
  }
}

Node.js v20.12.2
D:\Ujjawal\location\node_modules\mssql\lib\tedious\connection-pool.js:85
          err = new ConnectionError(err)
                ^

ConnectionError: Failed to connect to 192.168.1.152:1433 in 15000ms
    at D:\Ujjawal\location\node_modules\mssql\lib\tedious\connection-pool.js:85:17
    at Connection.onConnect (D:\Ujjawal\location\node_modules\tedious\lib\connection.js:849:9)
    at Object.onceWrapper (node:events:633:26)
    at Connection.emit (node:events:518:28)
    at Connection.emit (D:\Ujjawal\location\node_modules\tedious\lib\connection.js:970:18)
    at Connection.connectTimeout (D:\Ujjawal\location\node_modules\tedious\lib\connection.js:1222:10)
    at Timeout._onTimeout (D:\Ujjawal\location\node_modules\tedious\lib\connection.js:1167:12)
    at listOnTimeout (node:internal/timers:573:17)
    at process.processTimers (node:internal/timers:514:7) {
  code: 'ETIMEOUT',
  originalError: ConnectionError: Failed to connect to 192.168.1.152:1433 in 15000ms
      at Connection.connectTimeout (D:\Ujjawal\location\node_modules\tedious\lib\connection.js:1222:26)
      at Timeout._onTimeout (D:\Ujjawal\location\node_modules\tedious\lib\connection.js:1167:12)
      at listOnTimeout (node:internal/timers:573:17)
      at process.processTimers (node:internal/timers:514:7) {
    code: 'ETIMEOUT'
  }
}

Node.js v20.12.2
D:\Ujjawal\location\node_modules\mssql\lib\tedious\connection-pool.js:85
          err = new ConnectionError(err)
                ^

ConnectionError: Failed to connect to 192.168.1.152:1433 in 15000ms
    at D:\Ujjawal\location\node_modules\mssql\lib\tedious\connection-pool.js:85:17
    at Connection.onConnect (D:\Ujjawal\location\node_modules\tedious\lib\connection.js:849:9)
    at Object.onceWrapper (node:events:633:26)
    at Connection.emit (node:events:518:28)
    at Connection.emit (D:\Ujjawal\location\node_modules\tedious\lib\connection.js:970:18)
    at Connection.connectTimeout (D:\Ujjawal\location\node_modules\tedious\lib\connection.js:1222:10)
    at Timeout._onTimeout (D:\Ujjawal\location\node_modules\tedious\lib\connection.js:1167:12)
    at listOnTimeout (node:internal/timers:573:17)
    at process.processTimers (node:internal/timers:514:7) {
  code: 'ETIMEOUT',
  originalError: ConnectionError: Failed to connect to 192.168.1.152:1433 in 15000ms
      at Connection.connectTimeout (D:\Ujjawal\location\node_modules\tedious\lib\connection.js:1222:26)
      at Timeout._onTimeout (D:\Ujjawal\location\node_modules\tedious\lib\connection.js:1167:12)
      at listOnTimeout (node:internal/timers:573:17)
      at process.processTimers (node:internal/timers:514:7) {
    code: 'ETIMEOUT'
  }
}

Node.js v20.12.2
D:\Ujjawal\location\node_modules\mssql\lib\tedious\connection-pool.js:85
          err = new ConnectionError(err)
                ^

ConnectionError: Failed to connect to 192.168.1.152:1433 - Could not connect (sequence)
    at D:\Ujjawal\location\node_modules\mssql\lib\tedious\connection-pool.js:85:17
    at Connection.onConnect (D:\Ujjawal\location\node_modules\tedious\lib\connection.js:849:9)
    at Object.onceWrapper (node:events:633:26)
    at Connection.emit (node:events:518:28)
    at Connection.emit (D:\Ujjawal\location\node_modules\tedious\lib\connection.js:970:18)
    at Connection.socketError (D:\Ujjawal\location\node_modules\tedious\lib\connection.js:1353:12)
    at D:\Ujjawal\location\node_modules\tedious\lib\connection.js:1146:14
    at process.processTicksAndRejections (node:internal/process/task_queues:77:11) {
  code: 'ESOCKET',
  originalError: ConnectionError: Failed to connect to 192.168.1.152:1433 - Could not connect (sequence)
      at Connection.socketError (D:\Ujjawal\location\node_modules\tedious\lib\connection.js:1353:28)
      at D:\Ujjawal\location\node_modules\tedious\lib\connection.js:1146:14
      at process.processTicksAndRejections (node:internal/process/task_queues:77:11) {
    code: 'ESOCKET',
    [cause]: AggregateError: Could not connect (sequence)
        at connectInSequence (D:\Ujjawal\location\node_modules\tedious\lib\connector.js:114:9)
        at process.processTicksAndRejections (node:internal/process/task_queues:95:5)
        at async D:\Ujjawal\location\node_modules\tedious\lib\connection.js:1129:20 {
      [errors]: [
        Error: connect EHOSTUNREACH 192.168.1.152:1433
            at TCPConnectWrap.afterConnect [as oncomplete] (node:net:1605:16) {
          errno: -4073,
          code: 'EHOSTUNREACH',
          syscall: 'connect',
          address: '192.168.1.152',
          port: 1433
        }
      ]
    }
  }
}

Node.js v20.12.2
D:\Ujjawal\location\node_modules\mssql\lib\tedious\connection-pool.js:85
          err = new ConnectionError(err)
                ^

ConnectionError: Failed to connect to 192.168.1.152:1433 in 15000ms
    at D:\Ujjawal\location\node_modules\mssql\lib\tedious\connection-pool.js:85:17
    at Connection.onConnect (D:\Ujjawal\location\node_modules\tedious\lib\connection.js:849:9)
    at Object.onceWrapper (node:events:633:26)
    at Connection.emit (node:events:518:28)
    at Connection.emit (D:\Ujjawal\location\node_modules\tedious\lib\connection.js:970:18)
    at Connection.connectTimeout (D:\Ujjawal\location\node_modules\tedious\lib\connection.js:1222:10)
    at Timeout._onTimeout (D:\Ujjawal\location\node_modules\tedious\lib\connection.js:1167:12)
    at listOnTimeout (node:internal/timers:573:17)
    at process.processTimers (node:internal/timers:514:7) {
  code: 'ETIMEOUT',
  originalError: ConnectionError: Failed to connect to 192.168.1.152:1433 in 15000ms
      at Connection.connectTimeout (D:\Ujjawal\location\node_modules\tedious\lib\connection.js:1222:26)
      at Timeout._onTimeout (D:\Ujjawal\location\node_modules\tedious\lib\connection.js:1167:12)
      at listOnTimeout (node:internal/timers:573:17)
      at process.processTimers (node:internal/timers:514:7) {
    code: 'ETIMEOUT'
  }
}

Node.js v20.12.2
D:\Ujjawal\location\node_modules\mssql\lib\tedious\connection-pool.js:85
          err = new ConnectionError(err)
                ^

ConnectionError: Failed to connect to 192.168.1.152:1433 in 15000ms
    at D:\Ujjawal\location\node_modules\mssql\lib\tedious\connection-pool.js:85:17
    at Connection.onConnect (D:\Ujjawal\location\node_modules\tedious\lib\connection.js:849:9)
    at Object.onceWrapper (node:events:633:26)
    at Connection.emit (node:events:518:28)
    at Connection.emit (D:\Ujjawal\location\node_modules\tedious\lib\connection.js:970:18)
    at Connection.connectTimeout (D:\Ujjawal\location\node_modules\tedious\lib\connection.js:1222:10)
    at Timeout._onTimeout (D:\Ujjawal\location\node_modules\tedious\lib\connection.js:1167:12)
    at listOnTimeout (node:internal/timers:573:17)
    at process.processTimers (node:internal/timers:514:7) {
  code: 'ETIMEOUT',
  originalError: ConnectionError: Failed to connect to 192.168.1.152:1433 in 15000ms
      at Connection.connectTimeout (D:\Ujjawal\location\node_modules\tedious\lib\connection.js:1222:26)
      at Timeout._onTimeout (D:\Ujjawal\location\node_modules\tedious\lib\connection.js:1167:12)
      at listOnTimeout (node:internal/timers:573:17)
      at process.processTimers (node:internal/timers:514:7) {
    code: 'ETIMEOUT'
  }
}

Node.js v20.12.2
D:\Ujjawal\location\node_modules\mssql\lib\tedious\connection-pool.js:85
          err = new ConnectionError(err)
                ^

ConnectionError: Failed to connect to 192.168.1.152:1433 - Could not connect (sequence)
    at D:\Ujjawal\location\node_modules\mssql\lib\tedious\connection-pool.js:85:17
    at Connection.onConnect (D:\Ujjawal\location\node_modules\tedious\lib\connection.js:849:9)
    at Object.onceWrapper (node:events:633:26)
    at Connection.emit (node:events:518:28)
    at Connection.emit (D:\Ujjawal\location\node_modules\tedious\lib\connection.js:970:18)
    at Connection.socketError (D:\Ujjawal\location\node_modules\tedious\lib\connection.js:1353:12)
    at D:\Ujjawal\location\node_modules\tedious\lib\connection.js:1146:14
    at process.processTicksAndRejections (node:internal/process/task_queues:77:11) {
  code: 'ESOCKET',
  originalError: ConnectionError: Failed to connect to 192.168.1.152:1433 - Could not connect (sequence)
      at Connection.socketError (D:\Ujjawal\location\node_modules\tedious\lib\connection.js:1353:28)
      at D:\Ujjawal\location\node_modules\tedious\lib\connection.js:1146:14
      at process.processTicksAndRejections (node:internal/process/task_queues:77:11) {
    code: 'ESOCKET',
    [cause]: AggregateError: Could not connect (sequence)
        at connectInSequence (D:\Ujjawal\location\node_modules\tedious\lib\connector.js:114:9)
        at process.processTicksAndRejections (node:internal/process/task_queues:95:5)
        at async D:\Ujjawal\location\node_modules\tedious\lib\connection.js:1129:20 {
      [errors]: [
        Error: connect EHOSTUNREACH 192.168.1.152:1433
            at TCPConnectWrap.afterConnect [as oncomplete] (node:net:1605:16) {
          errno: -4073,
          code: 'EHOSTUNREACH',
          syscall: 'connect',
          address: '192.168.1.152',
          port: 1433
        }
      ]
    }
  }
}

Node.js v20.12.2
(node:15104) [DEP0123] DeprecationWarning: Setting the TLS ServerName to an IP address is not permitted by RFC 6066. This will be ignored in a future version.
(Use `node --trace-deprecation ...` to show where the warning was created)
Error processing batch: TypeError: Cannot read properties of undefined (reading 'length')
    at processBatch (D:\Ujjawal\location\backend\parle.js:64:17)
    at process.processTicksAndRejections (node:internal/process/task_queues:95:5)
    at async startProcessing (D:\Ujjawal\location\backend\parle.js:146:25)
Error processing batch: TypeError: Cannot read properties of undefined (reading 'length')
    at processBatch (D:\Ujjawal\location\backend\parle.js:64:17)
    at process.processTicksAndRejections (node:internal/process/task_queues:95:5)
    at async startProcessing (D:\Ujjawal\location\backend\parle.js:146:25)
Error processing batch: TypeError: Cannot read properties of undefined (reading 'length')
    at processBatch (D:\Ujjawal\location\backend\parle.js:64:17)
    at process.processTicksAndRejections (node:internal/process/task_queues:95:5)
    at async startProcessing (D:\Ujjawal\location\backend\parle.js:146:25)
Error processing batch: TypeError: Cannot read properties of undefined (reading 'length')
    at processBatch (D:\Ujjawal\location\backend\parle.js:64:17)
    at process.processTicksAndRejections (node:internal/process/task_queues:95:5)
    at async startProcessing (D:\Ujjawal\location\backend\parle.js:146:25)
Error processing batch: TypeError: Cannot read properties of undefined (reading 'length')
    at processBatch (D:\Ujjawal\location\backend\parle.js:64:17)
    at process.processTicksAndRejections (node:internal/process/task_queues:95:5)
    at async startProcessing (D:\Ujjawal\location\backend\parle.js:146:25)
Error processing batch: TypeError: Cannot read properties of undefined (reading 'length')
    at processBatch (D:\Ujjawal\location\backend\parle.js:64:17)
    at process.processTicksAndRejections (node:internal/process/task_queues:95:5)
    at async startProcessing (D:\Ujjawal\location\backend\parle.js:146:25)
Error processing batch: TypeError: Cannot read properties of undefined (reading 'length')
    at processBatch (D:\Ujjawal\location\backend\parle.js:64:17)
    at process.processTicksAndRejections (node:internal/process/task_queues:95:5)
    at async startProcessing (D:\Ujjawal\location\backend\parle.js:146:25)
Error processing batch: TypeError: Cannot read properties of undefined (reading 'length')
    at processBatch (D:\Ujjawal\location\backend\parle.js:64:17)
    at process.processTicksAndRejections (node:internal/process/task_queues:95:5)
    at async startProcessing (D:\Ujjawal\location\backend\parle.js:146:25)
Error processing batch: TypeError: Cannot read properties of undefined (reading 'length')
    at processBatch (D:\Ujjawal\location\backend\parle.js:64:17)
    at process.processTicksAndRejections (node:internal/process/task_queues:95:5)
    at async startProcessing (D:\Ujjawal\location\backend\parle.js:146:25)
Error processing batch: TypeError: Cannot read properties of undefined (reading 'length')
    at processBatch (D:\Ujjawal\location\backend\parle.js:64:17)
    at process.processTicksAndRejections (node:internal/process/task_queues:95:5)
    at async startProcessing (D:\Ujjawal\location\backend\parle.js:146:25)
Error processing batch: TypeError: Cannot read properties of undefined (reading 'length')
    at processBatch (D:\Ujjawal\location\backend\parle.js:64:17)
    at process.processTicksAndRejections (node:internal/process/task_queues:95:5)
    at async startProcessing (D:\Ujjawal\location\backend\parle.js:146:25)
Error processing batch: TypeError: Cannot read properties of undefined (reading 'length')
    at processBatch (D:\Ujjawal\location\backend\parle.js:64:17)
    at process.processTicksAndRejections (node:internal/process/task_queues:95:5)
    at async startProcessing (D:\Ujjawal\location\backend\parle.js:146:25)
Error processing batch: TypeError: Cannot read properties of undefined (reading 'length')
    at processBatch (D:\Ujjawal\location\backend\parle.js:64:17)
    at process.processTicksAndRejections (node:internal/process/task_queues:95:5)
    at async startProcessing (D:\Ujjawal\location\backend\parle.js:146:25)
Error processing batch: TypeError: Cannot read properties of undefined (reading 'length')
    at processBatch (D:\Ujjawal\location\backend\parle.js:64:17)
    at process.processTicksAndRejections (node:internal/process/task_queues:95:5)
    at async startProcessing (D:\Ujjawal\location\backend\parle.js:146:25)
Error processing batch: TypeError: Cannot read properties of undefined (reading 'length')
    at processBatch (D:\Ujjawal\location\backend\parle.js:64:17)
    at process.processTicksAndRejections (node:internal/process/task_queues:95:5)
    at async startProcessing (D:\Ujjawal\location\backend\parle.js:146:25)
Error processing batch: TypeError: Cannot read properties of undefined (reading 'length')
    at processBatch (D:\Ujjawal\location\backend\parle.js:64:17)
    at process.processTicksAndRejections (node:internal/process/task_queues:95:5)
    at async startProcessing (D:\Ujjawal\location\backend\parle.js:146:25)
Error processing batch: TypeError: Cannot read properties of undefined (reading 'length')
    at processBatch (D:\Ujjawal\location\backend\parle.js:64:17)
    at process.processTicksAndRejections (node:internal/process/task_queues:95:5)
    at async startProcessing (D:\Ujjawal\location\backend\parle.js:146:25)
Error processing batch: TypeError: Cannot read properties of undefined (reading 'length')
    at processBatch (D:\Ujjawal\location\backend\parle.js:64:17)
    at process.processTicksAndRejections (node:internal/process/task_queues:95:5)
    at async startProcessing (D:\Ujjawal\location\backend\parle.js:146:25)
Error processing batch: TypeError: Cannot read properties of undefined (reading 'length')
    at processBatch (D:\Ujjawal\location\backend\parle.js:64:17)
    at process.processTicksAndRejections (node:internal/process/task_queues:95:5)
    at async startProcessing (D:\Ujjawal\location\backend\parle.js:146:25)
Error processing batch: TypeError: Cannot read properties of undefined (reading 'length')
    at processBatch (D:\Ujjawal\location\backend\parle.js:64:17)
    at process.processTicksAndRejections (node:internal/process/task_queues:95:5)
    at async startProcessing (D:\Ujjawal\location\backend\parle.js:146:25)
Error processing batch: TypeError: Cannot read properties of undefined (reading 'length')
    at processBatch (D:\Ujjawal\location\backend\parle.js:64:17)
    at process.processTicksAndRejections (node:internal/process/task_queues:95:5)
    at async startProcessing (D:\Ujjawal\location\backend\parle.js:146:25)
Error processing batch: TypeError: Cannot read properties of undefined (reading 'length')
    at processBatch (D:\Ujjawal\location\backend\parle.js:64:17)
    at process.processTicksAndRejections (node:internal/process/task_queues:95:5)
    at async startProcessing (D:\Ujjawal\location\backend\parle.js:146:25)
Error processing batch: TypeError: Cannot read properties of undefined (reading 'length')
    at processBatch (D:\Ujjawal\location\backend\parle.js:64:17)
    at process.processTicksAndRejections (node:internal/process/task_queues:95:5)
    at async startProcessing (D:\Ujjawal\location\backend\parle.js:146:25)
Error processing batch: TypeError: Cannot read properties of undefined (reading 'length')
    at processBatch (D:\Ujjawal\location\backend\parle.js:64:17)
    at process.processTicksAndRejections (node:internal/process/task_queues:95:5)
    at async startProcessing (D:\Ujjawal\location\backend\parle.js:146:25)
Error processing batch: TypeError: Cannot read properties of undefined (reading 'length')
    at processBatch (D:\Ujjawal\location\backend\parle.js:64:17)
    at process.processTicksAndRejections (node:internal/process/task_queues:95:5)
    at async startProcessing (D:\Ujjawal\location\backend\parle.js:146:25)
Error processing batch: TypeError: Cannot read properties of undefined (reading 'length')
    at processBatch (D:\Ujjawal\location\backend\parle.js:64:17)
    at process.processTicksAndRejections (node:internal/process/task_queues:95:5)
    at async startProcessing (D:\Ujjawal\location\backend\parle.js:146:25)
Error processing batch: TypeError: Cannot read properties of undefined (reading 'length')
    at processBatch (D:\Ujjawal\location\backend\parle.js:64:17)
    at process.processTicksAndRejections (node:internal/process/task_queues:95:5)
    at async startProcessing (D:\Ujjawal\location\backend\parle.js:146:25)
Error processing batch: TypeError: Cannot read properties of undefined (reading 'length')
    at processBatch (D:\Ujjawal\location\backend\parle.js:64:17)
    at process.processTicksAndRejections (node:internal/process/task_queues:95:5)
    at async startProcessing (D:\Ujjawal\location\backend\parle.js:146:25)
Error processing batch: TypeError: Cannot read properties of undefined (reading 'length')
    at processBatch (D:\Ujjawal\location\backend\parle.js:64:17)
    at process.processTicksAndRejections (node:internal/process/task_queues:95:5)
    at async startProcessing (D:\Ujjawal\location\backend\parle.js:146:25)
Error processing batch: TypeError: Cannot read properties of undefined (reading 'length')
    at processBatch (D:\Ujjawal\location\backend\parle.js:64:17)
    at process.processTicksAndRejections (node:internal/process/task_queues:95:5)
    at async startProcessing (D:\Ujjawal\location\backend\parle.js:146:25)
Error processing batch: TypeError: Cannot read properties of undefined (reading 'length')
    at processBatch (D:\Ujjawal\location\backend\parle.js:64:17)
    at process.processTicksAndRejections (node:internal/process/task_queues:95:5)
    at async startProcessing (D:\Ujjawal\location\backend\parle.js:146:25)
Error processing batch: TypeError: Cannot read properties of undefined (reading 'length')
    at processBatch (D:\Ujjawal\location\backend\parle.js:64:17)
    at process.processTicksAndRejections (node:internal/process/task_queues:95:5)
    at async startProcessing (D:\Ujjawal\location\backend\parle.js:146:25)
Error processing batch: TypeError: Cannot read properties of undefined (reading 'length')
    at processBatch (D:\Ujjawal\location\backend\parle.js:64:17)
    at process.processTicksAndRejections (node:internal/process/task_queues:95:5)
    at async startProcessing (D:\Ujjawal\location\backend\parle.js:146:25)
Error processing batch: TypeError: Cannot read properties of undefined (reading 'length')
    at processBatch (D:\Ujjawal\location\backend\parle.js:64:17)
    at process.processTicksAndRejections (node:internal/process/task_queues:95:5)
    at async startProcessing (D:\Ujjawal\location\backend\parle.js:146:25)
Error processing batch: TypeError: Cannot read properties of undefined (reading 'length')
    at processBatch (D:\Ujjawal\location\backend\parle.js:64:17)
    at process.processTicksAndRejections (node:internal/process/task_queues:95:5)
    at async startProcessing (D:\Ujjawal\location\backend\parle.js:146:25)
Error processing batch: TypeError: Cannot read properties of undefined (reading 'length')
    at processBatch (D:\Ujjawal\location\backend\parle.js:64:17)
    at process.processTicksAndRejections (node:internal/process/task_queues:95:5)
    at async startProcessing (D:\Ujjawal\location\backend\parle.js:146:25)
Error processing batch: TypeError: Cannot read properties of undefined (reading 'length')
    at processBatch (D:\Ujjawal\location\backend\parle.js:64:17)
    at process.processTicksAndRejections (node:internal/process/task_queues:95:5)
    at async startProcessing (D:\Ujjawal\location\backend\parle.js:146:25)
Error processing batch: TypeError: Cannot read properties of undefined (reading 'length')
    at processBatch (D:\Ujjawal\location\backend\parle.js:64:17)
    at process.processTicksAndRejections (node:internal/process/task_queues:95:5)
    at async startProcessing (D:\Ujjawal\location\backend\parle.js:146:25)
Error processing batch: TypeError: Cannot read properties of undefined (reading 'length')
    at processBatch (D:\Ujjawal\location\backend\parle.js:64:17)
    at process.processTicksAndRejections (node:internal/process/task_queues:95:5)
    at async startProcessing (D:\Ujjawal\location\backend\parle.js:146:25)
Error processing batch: TypeError: Cannot read properties of undefined (reading 'length')
    at processBatch (D:\Ujjawal\location\backend\parle.js:64:17)
    at process.processTicksAndRejections (node:internal/process/task_queues:95:5)
    at async startProcessing (D:\Ujjawal\location\backend\parle.js:146:25)
Error processing batch: TypeError: Cannot read properties of undefined (reading 'length')
    at processBatch (D:\Ujjawal\location\backend\parle.js:64:17)
    at process.processTicksAndRejections (node:internal/process/task_queues:95:5)
    at async startProcessing (D:\Ujjawal\location\backend\parle.js:146:25)
Error processing batch: TypeError: Cannot read properties of undefined (reading 'length')
    at processBatch (D:\Ujjawal\location\backend\parle.js:64:17)
    at process.processTicksAndRejections (node:internal/process/task_queues:95:5)
    at async startProcessing (D:\Ujjawal\location\backend\parle.js:146:25)
Error processing batch: TypeError: Cannot read properties of undefined (reading 'length')
    at processBatch (D:\Ujjawal\location\backend\parle.js:64:17)
    at process.processTicksAndRejections (node:internal/process/task_queues:95:5)
    at async startProcessing (D:\Ujjawal\location\backend\parle.js:146:25)
Error processing batch: TypeError: Cannot read properties of undefined (reading 'length')
    at processBatch (D:\Ujjawal\location\backend\parle.js:64:17)
    at process.processTicksAndRejections (node:internal/process/task_queues:95:5)
    at async startProcessing (D:\Ujjawal\location\backend\parle.js:146:25)
Error processing batch: TypeError: Cannot read properties of undefined (reading 'length')
    at processBatch (D:\Ujjawal\location\backend\parle.js:64:17)
    at process.processTicksAndRejections (node:internal/process/task_queues:95:5)
    at async startProcessing (D:\Ujjawal\location\backend\parle.js:146:25)
Error processing batch: TypeError: Cannot read properties of undefined (reading 'length')
    at processBatch (D:\Ujjawal\location\backend\parle.js:64:17)
    at process.processTicksAndRejections (node:internal/process/task_queues:95:5)
    at async startProcessing (D:\Ujjawal\location\backend\parle.js:146:25)
Error processing batch: TypeError: Cannot read properties of undefined (reading 'length')
    at processBatch (D:\Ujjawal\location\backend\parle.js:64:17)
    at process.processTicksAndRejections (node:internal/process/task_queues:95:5)
    at async startProcessing (D:\Ujjawal\location\backend\parle.js:146:25)
Error processing batch: TypeError: Cannot read properties of undefined (reading 'length')
    at processBatch (D:\Ujjawal\location\backend\parle.js:64:17)
    at process.processTicksAndRejections (node:internal/process/task_queues:95:5)
    at async startProcessing (D:\Ujjawal\location\backend\parle.js:146:25)
Error processing batch: TypeError: Cannot read properties of undefined (reading 'length')
    at processBatch (D:\Ujjawal\location\backend\parle.js:64:17)
    at process.processTicksAndRejections (node:internal/process/task_queues:95:5)
    at async startProcessing (D:\Ujjawal\location\backend\parle.js:146:25)
Error processing batch: TypeError: Cannot read properties of undefined (reading 'length')
    at processBatch (D:\Ujjawal\location\backend\parle.js:64:17)
    at process.processTicksAndRejections (node:internal/process/task_queues:95:5)
    at async startProcessing (D:\Ujjawal\location\backend\parle.js:146:25)
Error processing batch: TypeError: Cannot read properties of undefined (reading 'length')
    at processBatch (D:\Ujjawal\location\backend\parle.js:64:17)
    at process.processTicksAndRejections (node:internal/process/task_queues:95:5)
    at async startProcessing (D:\Ujjawal\location\backend\parle.js:146:25)
Error processing batch: TypeError: Cannot read properties of undefined (reading 'length')
    at processBatch (D:\Ujjawal\location\backend\parle.js:64:17)
    at process.processTicksAndRejections (node:internal/process/task_queues:95:5)
    at async startProcessing (D:\Ujjawal\location\backend\parle.js:146:25)
Error processing batch: TypeError: Cannot read properties of undefined (reading 'length')
    at processBatch (D:\Ujjawal\location\backend\parle.js:64:17)
    at process.processTicksAndRejections (node:internal/process/task_queues:95:5)
    at async startProcessing (D:\Ujjawal\location\backend\parle.js:146:25)
Error processing batch: TypeError: Cannot read properties of undefined (reading 'length')
    at processBatch (D:\Ujjawal\location\backend\parle.js:64:17)
    at process.processTicksAndRejections (node:internal/process/task_queues:95:5)
    at async startProcessing (D:\Ujjawal\location\backend\parle.js:146:25)
Error processing batch: TypeError: Cannot read properties of undefined (reading 'length')
    at processBatch (D:\Ujjawal\location\backend\parle.js:64:17)
    at process.processTicksAndRejections (node:internal/process/task_queues:95:5)
    at async startProcessing (D:\Ujjawal\location\backend\parle.js:146:25)
Error processing batch: TypeError: Cannot read properties of undefined (reading 'length')
    at processBatch (D:\Ujjawal\location\backend\parle.js:64:17)
    at process.processTicksAndRejections (node:internal/process/task_queues:95:5)
    at async startProcessing (D:\Ujjawal\location\backend\parle.js:146:25)
Error processing batch: TypeError: Cannot read properties of undefined (reading 'length')
    at processBatch (D:\Ujjawal\location\backend\parle.js:64:17)
    at process.processTicksAndRejections (node:internal/process/task_queues:95:5)
    at async startProcessing (D:\Ujjawal\location\backend\parle.js:146:25)
Error processing batch: TypeError: Cannot read properties of undefined (reading 'length')
    at processBatch (D:\Ujjawal\location\backend\parle.js:64:17)
    at process.processTicksAndRejections (node:internal/process/task_queues:95:5)
    at async startProcessing (D:\Ujjawal\location\backend\parle.js:146:25)
Error processing batch: TypeError: Cannot read properties of undefined (reading 'length')
    at processBatch (D:\Ujjawal\location\backend\parle.js:64:17)
    at process.processTicksAndRejections (node:internal/process/task_queues:95:5)
    at async startProcessing (D:\Ujjawal\location\backend\parle.js:146:25)
Error processing batch: TypeError: Cannot read properties of undefined (reading 'length')
    at processBatch (D:\Ujjawal\location\backend\parle.js:64:17)
    at process.processTicksAndRejections (node:internal/process/task_queues:95:5)
    at async startProcessing (D:\Ujjawal\location\backend\parle.js:146:25)
Error processing batch: TypeError: Cannot read properties of undefined (reading 'length')
    at processBatch (D:\Ujjawal\location\backend\parle.js:64:17)
    at process.processTicksAndRejections (node:internal/process/task_queues:95:5)
    at async startProcessing (D:\Ujjawal\location\backend\parle.js:146:25)
Error processing batch: TypeError: Cannot read properties of undefined (reading 'length')
    at processBatch (D:\Ujjawal\location\backend\parle.js:64:17)
    at process.processTicksAndRejections (node:internal/process/task_queues:95:5)
    at async startProcessing (D:\Ujjawal\location\backend\parle.js:146:25)
Error processing batch: TypeError: Cannot read properties of undefined (reading 'length')
    at processBatch (D:\Ujjawal\location\backend\parle.js:64:17)
    at process.processTicksAndRejections (node:internal/process/task_queues:95:5)
    at async startProcessing (D:\Ujjawal\location\backend\parle.js:146:25)
Error processing batch: TypeError: Cannot read properties of undefined (reading 'length')
    at processBatch (D:\Ujjawal\location\backend\parle.js:64:17)
    at process.processTicksAndRejections (node:internal/process/task_queues:95:5)
    at async startProcessing (D:\Ujjawal\location\backend\parle.js:146:25)
Error processing batch: TypeError: Cannot read properties of undefined (reading 'length')
    at processBatch (D:\Ujjawal\location\backend\parle.js:64:17)
    at process.processTicksAndRejections (node:internal/process/task_queues:95:5)
    at async startProcessing (D:\Ujjawal\location\backend\parle.js:146:25)
Error processing batch: TypeError: Cannot read properties of undefined (reading 'length')
    at processBatch (D:\Ujjawal\location\backend\parle.js:64:17)
    at process.processTicksAndRejections (node:internal/process/task_queues:95:5)
    at async startProcessing (D:\Ujjawal\location\backend\parle.js:146:25)
Error processing batch: TypeError: Cannot read properties of undefined (reading 'length')
    at processBatch (D:\Ujjawal\location\backend\parle.js:64:17)
    at process.processTicksAndRejections (node:internal/process/task_queues:95:5)
    at async startProcessing (D:\Ujjawal\location\backend\parle.js:146:25)
Error processing batch: TypeError: Cannot read properties of undefined (reading 'length')
    at processBatch (D:\Ujjawal\location\backend\parle.js:64:17)
    at process.processTicksAndRejections (node:internal/process/task_queues:95:5)
    at async startProcessing (D:\Ujjawal\location\backend\parle.js:146:25)
Error processing batch: TypeError: Cannot read properties of undefined (reading 'length')
    at processBatch (D:\Ujjawal\location\backend\parle.js:64:17)
    at process.processTicksAndRejections (node:internal/process/task_queues:95:5)
    at async startProcessing (D:\Ujjawal\location\backend\parle.js:146:25)
Error processing batch: TypeError: Cannot read properties of undefined (reading 'length')
    at processBatch (D:\Ujjawal\location\backend\parle.js:64:17)
    at process.processTicksAndRejections (node:internal/process/task_queues:95:5)
    at async startProcessing (D:\Ujjawal\location\backend\parle.js:146:25)
Error processing batch: TypeError: Cannot read properties of undefined (reading 'length')
    at processBatch (D:\Ujjawal\location\backend\parle.js:64:17)
    at process.processTicksAndRejections (node:internal/process/task_queues:95:5)
    at async startProcessing (D:\Ujjawal\location\backend\parle.js:146:25)
Error processing batch: TypeError: Cannot read properties of undefined (reading 'length')
    at processBatch (D:\Ujjawal\location\backend\parle.js:64:17)
    at process.processTicksAndRejections (node:internal/process/task_queues:95:5)
    at async startProcessing (D:\Ujjawal\location\backend\parle.js:146:25)
Error processing batch: TypeError: Cannot read properties of undefined (reading 'length')
    at processBatch (D:\Ujjawal\location\backend\parle.js:64:17)
    at process.processTicksAndRejections (node:internal/process/task_queues:95:5)
    at async startProcessing (D:\Ujjawal\location\backend\parle.js:146:25)
Error processing batch: TypeError: Cannot read properties of undefined (reading 'length')
    at processBatch (D:\Ujjawal\location\backend\parle.js:64:17)
    at process.processTicksAndRejections (node:internal/process/task_queues:95:5)
    at async startProcessing (D:\Ujjawal\location\backend\parle.js:146:25)
Error processing batch: TypeError: Cannot read properties of undefined (reading 'length')
    at processBatch (D:\Ujjawal\location\backend\parle.js:64:17)
    at process.processTicksAndRejections (node:internal/process/task_queues:95:5)
    at async startProcessing (D:\Ujjawal\location\backend\parle.js:146:25)
Error processing batch: TypeError: Cannot read properties of undefined (reading 'length')
    at processBatch (D:\Ujjawal\location\backend\parle.js:64:17)
    at process.processTicksAndRejections (node:internal/process/task_queues:95:5)
    at async startProcessing (D:\Ujjawal\location\backend\parle.js:146:25)
Error processing batch: TypeError: Cannot read properties of undefined (reading 'length')
    at processBatch (D:\Ujjawal\location\backend\parle.js:64:17)
    at process.processTicksAndRejections (node:internal/process/task_queues:95:5)
    at async startProcessing (D:\Ujjawal\location\backend\parle.js:146:25)
Error processing batch: TypeError: Cannot read properties of undefined (reading 'length')
    at processBatch (D:\Ujjawal\location\backend\parle.js:64:17)
    at process.processTicksAndRejections (node:internal/process/task_queues:95:5)
    at async startProcessing (D:\Ujjawal\location\backend\parle.js:146:25)
Error processing batch: TypeError: Cannot read properties of undefined (reading 'length')
    at processBatch (D:\Ujjawal\location\backend\parle.js:64:17)
    at process.processTicksAndRejections (node:internal/process/task_queues:95:5)
    at async startProcessing (D:\Ujjawal\location\backend\parle.js:146:25)
Error processing batch: TypeError: Cannot read properties of undefined (reading 'length')
    at processBatch (D:\Ujjawal\location\backend\parle.js:64:17)
    at process.processTicksAndRejections (node:internal/process/task_queues:95:5)
    at async startProcessing (D:\Ujjawal\location\backend\parle.js:146:25)
Error processing batch: TypeError: Cannot read properties of undefined (reading 'length')
    at processBatch (D:\Ujjawal\location\backend\parle.js:64:17)
    at process.processTicksAndRejections (node:internal/process/task_queues:95:5)
    at async startProcessing (D:\Ujjawal\location\backend\parle.js:146:25)
Error processing batch: TypeError: Cannot read properties of undefined (reading 'length')
    at processBatch (D:\Ujjawal\location\backend\parle.js:64:17)
    at process.processTicksAndRejections (node:internal/process/task_queues:95:5)
    at async startProcessing (D:\Ujjawal\location\backend\parle.js:146:25)
Error processing batch: TypeError: Cannot read properties of undefined (reading 'length')
    at processBatch (D:\Ujjawal\location\backend\parle.js:64:17)
    at process.processTicksAndRejections (node:internal/process/task_queues:95:5)
    at async startProcessing (D:\Ujjawal\location\backend\parle.js:146:25)
Error processing batch: TypeError: Cannot read properties of undefined (reading 'length')
    at processBatch (D:\Ujjawal\location\backend\parle.js:64:17)
    at process.processTicksAndRejections (node:internal/process/task_queues:95:5)
    at async startProcessing (D:\Ujjawal\location\backend\parle.js:146:25)
Error processing batch: TypeError: Cannot read properties of undefined (reading 'length')
    at processBatch (D:\Ujjawal\location\backend\parle.js:64:17)
    at process.processTicksAndRejections (node:internal/process/task_queues:95:5)
    at async startProcessing (D:\Ujjawal\location\backend\parle.js:146:25)
Error processing batch: TypeError: Cannot read properties of undefined (reading 'length')
    at processBatch (D:\Ujjawal\location\backend\parle.js:64:17)
    at process.processTicksAndRejections (node:internal/process/task_queues:95:5)
    at async startProcessing (D:\Ujjawal\location\backend\parle.js:146:25)
Error processing batch: TypeError: Cannot read properties of undefined (reading 'length')
    at processBatch (D:\Ujjawal\location\backend\parle.js:64:17)
    at process.processTicksAndRejections (node:internal/process/task_queues:95:5)
    at async startProcessing (D:\Ujjawal\location\backend\parle.js:146:25)
Error processing batch: TypeError: Cannot read properties of undefined (reading 'length')
    at processBatch (D:\Ujjawal\location\backend\parle.js:64:17)
    at process.processTicksAndRejections (node:internal/process/task_queues:95:5)
    at async startProcessing (D:\Ujjawal\location\backend\parle.js:146:25)
Error processing batch: TypeError: Cannot read properties of undefined (reading 'length')
    at processBatch (D:\Ujjawal\location\backend\parle.js:64:17)
    at process.processTicksAndRejections (node:internal/process/task_queues:95:5)
    at async startProcessing (D:\Ujjawal\location\backend\parle.js:146:25)
Error processing batch: TypeError: Cannot read properties of undefined (reading 'length')
    at processBatch (D:\Ujjawal\location\backend\parle.js:64:17)
    at process.processTicksAndRejections (node:internal/process/task_queues:95:5)
    at async startProcessing (D:\Ujjawal\location\backend\parle.js:146:25)
Error processing batch: TypeError: Cannot read properties of undefined (reading 'length')
    at processBatch (D:\Ujjawal\location\backend\parle.js:64:17)
    at process.processTicksAndRejections (node:internal/process/task_queues:95:5)
    at async startProcessing (D:\Ujjawal\location\backend\parle.js:146:25)
Error processing batch: TypeError: Cannot read properties of undefined (reading 'length')
    at processBatch (D:\Ujjawal\location\backend\parle.js:64:17)
    at process.processTicksAndRejections (node:internal/process/task_queues:95:5)
    at async startProcessing (D:\Ujjawal\location\backend\parle.js:146:25)
Error processing batch: TypeError: Cannot read properties of undefined (reading 'length')
    at processBatch (D:\Ujjawal\location\backend\parle.js:64:17)
    at process.processTicksAndRejections (node:internal/process/task_queues:95:5)
    at async startProcessing (D:\Ujjawal\location\backend\parle.js:146:25)
Error processing batch: TypeError: Cannot read properties of undefined (reading 'length')
    at processBatch (D:\Ujjawal\location\backend\parle.js:64:17)
    at process.processTicksAndRejections (node:internal/process/task_queues:95:5)
    at async startProcessing (D:\Ujjawal\location\backend\parle.js:146:25)
Error processing batch: TypeError: Cannot read properties of undefined (reading 'length')
    at processBatch (D:\Ujjawal\location\backend\parle.js:64:17)
    at process.processTicksAndRejections (node:internal/process/task_queues:95:5)
    at async startProcessing (D:\Ujjawal\location\backend\parle.js:146:25)
Error processing batch: TypeError: Cannot read properties of undefined (reading 'length')
    at processBatch (D:\Ujjawal\location\backend\parle.js:64:17)
    at process.processTicksAndRejections (node:internal/process/task_queues:95:5)
    at async startProcessing (D:\Ujjawal\location\backend\parle.js:146:25)
Error processing batch: TypeError: Cannot read properties of undefined (reading 'length')
    at processBatch (D:\Ujjawal\location\backend\parle.js:64:17)
    at process.processTicksAndRejections (node:internal/process/task_queues:95:5)
    at async startProcessing (D:\Ujjawal\location\backend\parle.js:146:25)
Error processing batch: TypeError: Cannot read properties of undefined (reading 'length')
    at processBatch (D:\Ujjawal\location\backend\parle.js:64:17)
    at process.processTicksAndRejections (node:internal/process/task_queues:95:5)
    at async startProcessing (D:\Ujjawal\location\backend\parle.js:146:25)
Error processing batch: TypeError: Cannot read properties of undefined (reading 'length')
    at processBatch (D:\Ujjawal\location\backend\parle.js:64:17)
    at process.processTicksAndRejections (node:internal/process/task_queues:95:5)
    at async startProcessing (D:\Ujjawal\location\backend\parle.js:146:25)
Error processing batch: TypeError: Cannot read properties of undefined (reading 'length')
    at processBatch (D:\Ujjawal\location\backend\parle.js:64:17)
    at process.processTicksAndRejections (node:internal/process/task_queues:95:5)
    at async startProcessing (D:\Ujjawal\location\backend\parle.js:146:25)
Error processing batch: TypeError: Cannot read properties of undefined (reading 'length')
    at processBatch (D:\Ujjawal\location\backend\parle.js:64:17)
    at process.processTicksAndRejections (node:internal/process/task_queues:95:5)
    at async startProcessing (D:\Ujjawal\location\backend\parle.js:146:25)
Error processing batch: TypeError: Cannot read properties of undefined (reading 'length')
    at processBatch (D:\Ujjawal\location\backend\parle.js:64:17)
    at process.processTicksAndRejections (node:internal/process/task_queues:95:5)
    at async startProcessing (D:\Ujjawal\location\backend\parle.js:146:25)
Error processing batch: TypeError: Cannot read properties of undefined (reading 'length')
    at processBatch (D:\Ujjawal\location\backend\parle.js:64:17)
    at process.processTicksAndRejections (node:internal/process/task_queues:95:5)
    at async startProcessing (D:\Ujjawal\location\backend\parle.js:146:25)
Error processing batch: TypeError: Cannot read properties of undefined (reading 'length')
    at processBatch (D:\Ujjawal\location\backend\parle.js:64:17)
    at process.processTicksAndRejections (node:internal/process/task_queues:95:5)
    at async startProcessing (D:\Ujjawal\location\backend\parle.js:146:25)
Error processing batch: TypeError: Cannot read properties of undefined (reading 'length')
    at processBatch (D:\Ujjawal\location\backend\parle.js:64:17)
    at process.processTicksAndRejections (node:internal/process/task_queues:95:5)
    at async startProcessing (D:\Ujjawal\location\backend\parle.js:146:25)
Error processing batch: TypeError: Cannot read properties of undefined (reading 'length')
    at processBatch (D:\Ujjawal\location\backend\parle.js:64:17)
    at process.processTicksAndRejections (node:internal/process/task_queues:95:5)
    at async startProcessing (D:\Ujjawal\location\backend\parle.js:146:25)
Error processing batch: TypeError: Cannot read properties of undefined (reading 'length')
    at processBatch (D:\Ujjawal\location\backend\parle.js:64:17)
    at process.processTicksAndRejections (node:internal/process/task_queues:95:5)
    at async startProcessing (D:\Ujjawal\location\backend\parle.js:146:25)
Error processing batch: TypeError: Cannot read properties of undefined (reading 'length')
    at processBatch (D:\Ujjawal\location\backend\parle.js:64:17)
    at process.processTicksAndRejections (node:internal/process/task_queues:95:5)
    at async startProcessing (D:\Ujjawal\location\backend\parle.js:146:25)
Error processing batch: TypeError: Cannot read properties of undefined (reading 'length')
    at processBatch (D:\Ujjawal\location\backend\parle.js:64:17)
    at process.processTicksAndRejections (node:internal/process/task_queues:95:5)
    at async startProcessing (D:\Ujjawal\location\backend\parle.js:146:25)
Error processing batch: TypeError: Cannot read properties of undefined (reading 'length')
    at processBatch (D:\Ujjawal\location\backend\parle.js:64:17)
    at process.processTicksAndRejections (node:internal/process/task_queues:95:5)
    at async startProcessing (D:\Ujjawal\location\backend\parle.js:146:25)
Error processing batch: TypeError: Cannot read properties of undefined (reading 'length')
    at processBatch (D:\Ujjawal\location\backend\parle.js:64:17)
    at process.processTicksAndRejections (node:internal/process/task_queues:95:5)
    at async startProcessing (D:\Ujjawal\location\backend\parle.js:146:25)
Error processing batch: TypeError: Cannot read properties of undefined (reading 'length')
    at processBatch (D:\Ujjawal\location\backend\parle.js:64:17)
    at process.processTicksAndRejections (node:internal/process/task_queues:95:5)
    at async startProcessing (D:\Ujjawal\location\backend\parle.js:146:25)
Error processing batch: TypeError: Cannot read properties of undefined (reading 'length')
    at processBatch (D:\Ujjawal\location\backend\parle.js:64:17)
    at process.processTicksAndRejections (node:internal/process/task_queues:95:5)
    at async startProcessing (D:\Ujjawal\location\backend\parle.js:146:25)
Error processing batch: TypeError: Cannot read properties of undefined (reading 'length')
    at processBatch (D:\Ujjawal\location\backend\parle.js:64:17)
    at process.processTicksAndRejections (node:internal/process/task_queues:95:5)
    at async startProcessing (D:\Ujjawal\location\backend\parle.js:146:25)
Error processing batch: TypeError: Cannot read properties of undefined (reading 'length')
    at processBatch (D:\Ujjawal\location\backend\parle.js:64:17)
    at process.processTicksAndRejections (node:internal/process/task_queues:95:5)
    at async startProcessing (D:\Ujjawal\location\backend\parle.js:146:25)
Error processing batch: TypeError: Cannot read properties of undefined (reading 'length')
    at processBatch (D:\Ujjawal\location\backend\parle.js:64:17)
    at process.processTicksAndRejections (node:internal/process/task_queues:95:5)
    at async startProcessing (D:\Ujjawal\location\backend\parle.js:146:25)
Error processing batch: TypeError: Cannot read properties of undefined (reading 'length')
    at processBatch (D:\Ujjawal\location\backend\parle.js:64:17)
    at process.processTicksAndRejections (node:internal/process/task_queues:95:5)
    at async startProcessing (D:\Ujjawal\location\backend\parle.js:146:25)
Error processing batch: TypeError: Cannot read properties of undefined (reading 'length')
    at processBatch (D:\Ujjawal\location\backend\parle.js:64:17)
    at process.processTicksAndRejections (node:internal/process/task_queues:95:5)
    at async startProcessing (D:\Ujjawal\location\backend\parle.js:146:25)
Error processing batch: TypeError: Cannot read properties of undefined (reading 'length')
    at processBatch (D:\Ujjawal\location\backend\parle.js:64:17)
    at process.processTicksAndRejections (node:internal/process/task_queues:95:5)
    at async startProcessing (D:\Ujjawal\location\backend\parle.js:146:25)
Error processing batch: TypeError: Cannot read properties of undefined (reading 'length')
    at processBatch (D:\Ujjawal\location\backend\parle.js:64:17)
    at process.processTicksAndRejections (node:internal/process/task_queues:95:5)
    at async startProcessing (D:\Ujjawal\location\backend\parle.js:146:25)
Error processing batch: TypeError: Cannot read properties of undefined (reading 'length')
    at processBatch (D:\Ujjawal\location\backend\parle.js:64:17)
    at process.processTicksAndRejections (node:internal/process/task_queues:95:5)
    at async startProcessing (D:\Ujjawal\location\backend\parle.js:146:25)
Error processing batch: TypeError: Cannot read properties of undefined (reading 'length')
    at processBatch (D:\Ujjawal\location\backend\parle.js:64:17)
    at process.processTicksAndRejections (node:internal/process/task_queues:95:5)
    at async startProcessing (D:\Ujjawal\location\backend\parle.js:146:25)
Error processing batch: TypeError: Cannot read properties of undefined (reading 'length')
    at processBatch (D:\Ujjawal\location\backend\parle.js:64:17)
    at process.processTicksAndRejections (node:internal/process/task_queues:95:5)
    at async startProcessing (D:\Ujjawal\location\backend\parle.js:146:25)
Error processing batch: TypeError: Cannot read properties of undefined (reading 'length')
    at processBatch (D:\Ujjawal\location\backend\parle.js:64:17)
    at process.processTicksAndRejections (node:internal/process/task_queues:95:5)
    at async startProcessing (D:\Ujjawal\location\backend\parle.js:146:25)
Error processing batch: TypeError: Cannot read properties of undefined (reading 'length')
    at processBatch (D:\Ujjawal\location\backend\parle.js:64:17)
    at process.processTicksAndRejections (node:internal/process/task_queues:95:5)
    at async startProcessing (D:\Ujjawal\location\backend\parle.js:146:25)
Error processing batch: TypeError: Cannot read properties of undefined (reading 'length')
    at processBatch (D:\Ujjawal\location\backend\parle.js:64:17)
    at process.processTicksAndRejections (node:internal/process/task_queues:95:5)
    at async startProcessing (D:\Ujjawal\location\backend\parle.js:146:25)
Error processing batch: TypeError: Cannot read properties of undefined (reading 'length')
    at processBatch (D:\Ujjawal\location\backend\parle.js:64:17)
    at process.processTicksAndRejections (node:internal/process/task_queues:95:5)
    at async startProcessing (D:\Ujjawal\location\backend\parle.js:146:25)
Error processing batch: TypeError: Cannot read properties of undefined (reading 'length')
    at processBatch (D:\Ujjawal\location\backend\parle.js:64:17)
    at process.processTicksAndRejections (node:internal/process/task_queues:95:5)
    at async startProcessing (D:\Ujjawal\location\backend\parle.js:146:25)
Error processing batch: TypeError: Cannot read properties of undefined (reading 'length')
    at processBatch (D:\Ujjawal\location\backend\parle.js:64:17)
    at process.processTicksAndRejections (node:internal/process/task_queues:95:5)
    at async startProcessing (D:\Ujjawal\location\backend\parle.js:146:25)
Error processing batch: TypeError: Cannot read properties of undefined (reading 'length')
    at processBatch (D:\Ujjawal\location\backend\parle.js:64:17)
    at process.processTicksAndRejections (node:internal/process/task_queues:95:5)
    at async startProcessing (D:\Ujjawal\location\backend\parle.js:146:25)
Error processing batch: TypeError: Cannot read properties of undefined (reading 'length')
    at processBatch (D:\Ujjawal\location\backend\parle.js:64:17)
    at process.processTicksAndRejections (node:internal/process/task_queues:95:5)
    at async startProcessing (D:\Ujjawal\location\backend\parle.js:146:25)
Error processing batch: TypeError: Cannot read properties of undefined (reading 'length')
    at processBatch (D:\Ujjawal\location\backend\parle.js:64:17)
    at process.processTicksAndRejections (node:internal/process/task_queues:95:5)
    at async startProcessing (D:\Ujjawal\location\backend\parle.js:146:25)
Error processing batch: TypeError: Cannot read properties of undefined (reading 'length')
    at processBatch (D:\Ujjawal\location\backend\parle.js:64:17)
    at process.processTicksAndRejections (node:internal/process/task_queues:95:5)
    at async startProcessing (D:\Ujjawal\location\backend\parle.js:146:25)
Error processing batch: TypeError: Cannot read properties of undefined (reading 'length')
    at processBatch (D:\Ujjawal\location\backend\parle.js:64:17)
    at process.processTicksAndRejections (node:internal/process/task_queues:95:5)
    at async startProcessing (D:\Ujjawal\location\backend\parle.js:146:25)
Error processing batch: TypeError: Cannot read properties of undefined (reading 'length')
    at processBatch (D:\Ujjawal\location\backend\parle.js:64:17)
    at process.processTicksAndRejections (node:internal/process/task_queues:95:5)
    at async startProcessing (D:\Ujjawal\location\backend\parle.js:146:25)
Error processing batch: TypeError: Cannot read properties of undefined (reading 'length')
    at processBatch (D:\Ujjawal\location\backend\parle.js:64:17)
    at process.processTicksAndRejections (node:internal/process/task_queues:95:5)
    at async startProcessing (D:\Ujjawal\location\backend\parle.js:146:25)
Error processing batch: TypeError: Cannot read properties of undefined (reading 'length')
    at processBatch (D:\Ujjawal\location\backend\parle.js:64:17)
    at process.processTicksAndRejections (node:internal/process/task_queues:95:5)
    at async startProcessing (D:\Ujjawal\location\backend\parle.js:146:25)
Error processing batch: TypeError: Cannot read properties of undefined (reading 'length')
    at processBatch (D:\Ujjawal\location\backend\parle.js:64:17)
    at process.processTicksAndRejections (node:internal/process/task_queues:95:5)
    at async startProcessing (D:\Ujjawal\location\backend\parle.js:146:25)
Error processing batch: TypeError: Cannot read properties of undefined (reading 'length')
    at processBatch (D:\Ujjawal\location\backend\parle.js:64:17)
    at process.processTicksAndRejections (node:internal/process/task_queues:95:5)
    at async startProcessing (D:\Ujjawal\location\backend\parle.js:146:25)
D:\Ujjawal\location\node_modules\mssql\lib\tedious\connection-pool.js:85
          err = new ConnectionError(err)
                ^

ConnectionError: Failed to connect to 192.168.1.152:1433 - Could not connect (sequence)
    at D:\Ujjawal\location\node_modules\mssql\lib\tedious\connection-pool.js:85:17
    at Connection.onConnect (D:\Ujjawal\location\node_modules\tedious\lib\connection.js:849:9)
    at Object.onceWrapper (node:events:633:26)
    at Connection.emit (node:events:518:28)
    at Connection.emit (D:\Ujjawal\location\node_modules\tedious\lib\connection.js:970:18)
    at Connection.socketError (D:\Ujjawal\location\node_modules\tedious\lib\connection.js:1353:12)
    at D:\Ujjawal\location\node_modules\tedious\lib\connection.js:1146:14
    at process.processTicksAndRejections (node:internal/process/task_queues:77:11) {
  code: 'ESOCKET',
  originalError: ConnectionError: Failed to connect to 192.168.1.152:1433 - Could not connect (sequence)
      at Connection.socketError (D:\Ujjawal\location\node_modules\tedious\lib\connection.js:1353:28)
      at D:\Ujjawal\location\node_modules\tedious\lib\connection.js:1146:14
      at process.processTicksAndRejections (node:internal/process/task_queues:77:11) {
    code: 'ESOCKET',
    [cause]: AggregateError: Could not connect (sequence)
        at connectInSequence (D:\Ujjawal\location\node_modules\tedious\lib\connector.js:114:9)
        at process.processTicksAndRejections (node:internal/process/task_queues:95:5)
        at async D:\Ujjawal\location\node_modules\tedious\lib\connection.js:1129:20 {
      [errors]: [
        Error: connect EHOSTUNREACH 192.168.1.152:1433
            at TCPConnectWrap.afterConnect [as oncomplete] (node:net:1605:16) {
          errno: -4073,
          code: 'EHOSTUNREACH',
          syscall: 'connect',
          address: '192.168.1.152',
          port: 1433
        }
      ]
    }
  }
}

Node.js v20.12.2
(node:14976) [DEP0123] DeprecationWarning: Setting the TLS ServerName to an IP address is not permitted by RFC 6066. This will be ignored in a future version.
(Use `node --trace-deprecation ...` to show where the warning was created)
Error processing batch: TypeError: Cannot read properties of undefined (reading 'length')
    at processBatch (D:\Ujjawal\location\backend\parle.js:64:17)
    at process.processTicksAndRejections (node:internal/process/task_queues:95:5)
    at async startProcessing (D:\Ujjawal\location\backend\parle.js:146:25)
Error processing batch: TypeError: Cannot read properties of undefined (reading 'length')
    at processBatch (D:\Ujjawal\location\backend\parle.js:64:17)
    at process.processTicksAndRejections (node:internal/process/task_queues:95:5)
    at async startProcessing (D:\Ujjawal\location\backend\parle.js:146:25)
Error processing batch: TypeError: Cannot read properties of undefined (reading 'length')
    at processBatch (D:\Ujjawal\location\backend\parle.js:64:17)
    at process.processTicksAndRejections (node:internal/process/task_queues:95:5)
    at async startProcessing (D:\Ujjawal\location\backend\parle.js:146:25)
Error processing batch: TypeError: Cannot read properties of undefined (reading 'length')
    at processBatch (D:\Ujjawal\location\backend\parle.js:64:17)
    at process.processTicksAndRejections (node:internal/process/task_queues:95:5)
    at async startProcessing (D:\Ujjawal\location\backend\parle.js:146:25)
Error processing batch: TypeError: Cannot read properties of undefined (reading 'length')
    at processBatch (D:\Ujjawal\location\backend\parle.js:64:17)
    at process.processTicksAndRejections (node:internal/process/task_queues:95:5)
    at async startProcessing (D:\Ujjawal\location\backend\parle.js:146:25)
Error processing batch: TypeError: Cannot read properties of undefined (reading 'length')
    at processBatch (D:\Ujjawal\location\backend\parle.js:64:17)
    at process.processTicksAndRejections (node:internal/process/task_queues:95:5)
    at async startProcessing (D:\Ujjawal\location\backend\parle.js:146:25)
